<?xml version="1.0" encoding="UTF-8"?>
<!-- Generated by org.testng.reporters.JUnitReportReporter -->
<testsuite hostname="LAPTOP-QLIPULCU" failures="0" tests="2" name="seleniumframework.test.standalonedatadriven" time="45.292" errors="0" timestamp="2023-02-10T16:28:12 IST" skipped="0">
  <testcase classname="seleniumframework.test.standalonedatadriven" name="SubmitOrder" time="22.709"/>
  <system-out/>
  <testcase classname="seleniumframework.test.standalonedatadriven" name="SubmitOrder" time="22.583"/>
  <system-out/>
</testsuite> <!-- seleniumframework.test.standalonedatadriven -->
